<?xml version="1.0" encoding="UTF-8"?>
<!-- Generated by org.testng.reporters.JUnitXMLReporter -->
<testsuite hostname="user-PC" ignored="0" name="Test" tests="4" failures="0" timestamp="19 Aug 2019 17:52:19 GMT" time="0.083" errors="0">
  <testcase name="BrowserAutomation" time="0.018" classname="ingenioustechhub.Test1Selenium"/>
  <testcase name="elementsUi" time="0.001" classname="ingenioustechhub.Test1Selenium"/>
  <testcase name="ISPApp" time="0.0" classname="ingenioustechhub.TestAppium"/>
  <testcase name="natveApp" time="0.001" classname="ingenioustechhub.TestAppium"/>
</testsuite> <!-- Test -->
